# JRE version: OpenJDK Runtime Environment Temurin-21.0.8+9 (21.0.8+9) (build 21.0.8+9-LTS)
# Java VM: OpenJDK 64-Bit Server VM Temurin-21.0.8+9 (21.0.8+9-LTS, mixed mode, sharing, tiered, compressed oops, compressed class ptrs, parallel gc, windows-amd64)
GC Precious Log:
 CardTable entry size: 512
 CPUs: 8 total, 8 available
 Memory: 8056M
 Large Page Support: Disabled
 NUMA Support: Disabled
 Compressed Oops: Enabled (32-bit)
 Alignments: Space 512K, Generation 512K, Heap 2M
 Heap Min Capacity: 100M
 Heap Initial Capacity: 100M
 Heap Max Capacity: 2G
 Pre-touch: Disabled
 Parallel Workers: 8
Heap:
 PSYoungGen      total 26112K, used 3919K [0x00000000d5580000, 0x00000000d7080000, 0x0000000100000000)
  eden space 25600K, 15% used [0x00000000d5580000,0x00000000d5953e58,0x00000000d6e80000)
  from space 512K, 0% used [0x00000000d7000000,0x00000000d7000000,0x00000000d7080000)
  to   space 512K, 0% used [0x00000000d6f80000,0x00000000d6f80000,0x00000000d7000000)
 ParOldGen       total 102400K, used 76060K [0x0000000080000000, 0x0000000086400000, 0x00000000d5580000)
  object space 102400K, 74% used [0x0000000080000000,0x0000000084a47278,0x0000000086400000)
 Metaspace       used 43610K, committed 44864K, reserved 1114112K
  class space    used 4298K, committed 4800K, reserved 1048576K
GC Heap History (20 events):
Event: 153.496 GC heap before
{Heap before GC invocations=55 (full 2):
 PSYoungGen      total 21504K, used 21248K [0x00000000d5580000, 0x00000000d6c00000, 0x0000000100000000)
  eden space 20992K, 100% used [0x00000000d5580000,0x00000000d6a00000,0x00000000d6a00000)
  from space 512K, 50% used [0x00000000d6b80000,0x00000000d6bc0000,0x00000000d6c00000)
  to   space 512K, 0% used [0x00000000d6a00000,0x00000000d6a00000,0x00000000d6a80000)
 ParOldGen       total 92672K, used 82834K [0x0000000080000000, 0x0000000085a80000, 0x00000000d5580000)
  object space 92672K, 89% used [0x0000000080000000,0x00000000850e4998,0x0000000085a80000)
 Metaspace       used 43755K, committed 44800K, reserved 1114112K
  class space    used 4356K, committed 4800K, reserved 1048576K
}
Event: 153.497 GC heap after
{Heap after GC invocations=55 (full 2):
 PSYoungGen      total 21504K, used 128K [0x00000000d5580000, 0x00000000d6c00000, 0x0000000100000000)
  eden space 20992K, 0% used [0x00000000d5580000,0x00000000d5580000,0x00000000d6a00000)
  from space 512K, 25% used [0x00000000d6a00000,0x00000000d6a20000,0x00000000d6a80000)
  to   space 512K, 0% used [0x00000000d6b80000,0x00000000d6b80000,0x00000000d6c00000)
 ParOldGen       total 92672K, used 82834K [0x0000000080000000, 0x0000000085a80000, 0x00000000d5580000)
  object space 92672K, 89% used [0x0000000080000000,0x00000000850e4998,0x0000000085a80000)
 Metaspace       used 43755K, committed 44800K, reserved 1114112K
  class space    used 4356K, committed 4800K, reserved 1048576K
}
Event: 153.545 GC heap before
{Heap before GC invocations=56 (full 2):
 PSYoungGen      total 21504K, used 21120K [0x00000000d5580000, 0x00000000d6c00000, 0x0000000100000000)
  eden space 20992K, 100% used [0x00000000d5580000,0x00000000d6a00000,0x00000000d6a00000)
  from space 512K, 25% used [0x00000000d6a00000,0x00000000d6a20000,0x00000000d6a80000)
  to   space 512K, 0% used [0x00000000d6b80000,0x00000000d6b80000,0x00000000d6c00000)
 ParOldGen       total 92672K, used 82834K [0x0000000080000000, 0x0000000085a80000, 0x00000000d5580000)
  object space 92672K, 89% used [0x0000000080000000,0x00000000850e4998,0x0000000085a80000)
 Metaspace       used 43755K, committed 44800K, reserved 1114112K
  class space    used 4356K, committed 4800K, reserved 1048576K
}
Event: 153.545 GC heap after
{Heap after GC invocations=56 (full 2):
 PSYoungGen      total 21504K, used 128K [0x00000000d5580000, 0x00000000d6c00000, 0x0000000100000000)
  eden space 20992K, 0% used [0x00000000d5580000,0x00000000d5580000,0x00000000d6a00000)
  from space 512K, 25% used [0x00000000d6b80000,0x00000000d6ba0000,0x00000000d6c00000)
  to   space 512K, 0% used [0x00000000d6a00000,0x00000000d6a00000,0x00000000d6a80000)
 ParOldGen       total 92672K, used 82834K [0x0000000080000000, 0x0000000085a80000, 0x00000000d5580000)
  object space 92672K, 89% used [0x0000000080000000,0x00000000850e4998,0x0000000085a80000)
 Metaspace       used 43755K, committed 44800K, reserved 1114112K
  class space    used 4356K, committed 4800K, reserved 1048576K
}
Event: 157.594 GC heap before
{Heap before GC invocations=57 (full 2):
 PSYoungGen      total 21504K, used 5641K [0x00000000d5580000, 0x00000000d6c00000, 0x0000000100000000)
  eden space 20992K, 26% used [0x00000000d5580000,0x00000000d5ae2718,0x00000000d6a00000)
  from space 512K, 25% used [0x00000000d6b80000,0x00000000d6ba0000,0x00000000d6c00000)
  to   space 512K, 0% used [0x00000000d6a00000,0x00000000d6a00000,0x00000000d6a80000)
 ParOldGen       total 92672K, used 82834K [0x0000000080000000, 0x0000000085a80000, 0x00000000d5580000)
  object space 92672K, 89% used [0x0000000080000000,0x00000000850e4998,0x0000000085a80000)
 Metaspace       used 43755K, committed 44800K, reserved 1114112K
  class space    used 4356K, committed 4800K, reserved 1048576K
}
Event: 157.596 GC heap after
{Heap after GC invocations=57 (full 2):
 PSYoungGen      total 21504K, used 224K [0x00000000d5580000, 0x00000000d6c00000, 0x0000000100000000)
  eden space 20992K, 0% used [0x00000000d5580000,0x00000000d5580000,0x00000000d6a00000)
  from space 512K, 43% used [0x00000000d6a00000,0x00000000d6a38000,0x00000000d6a80000)
  to   space 512K, 0% used [0x00000000d6b80000,0x00000000d6b80000,0x00000000d6c00000)
 ParOldGen       total 92672K, used 82834K [0x0000000080000000, 0x0000000085a80000, 0x00000000d5580000)
  object space 92672K, 89% used [0x0000000080000000,0x00000000850e4998,0x0000000085a80000)
 Metaspace       used 43755K, committed 44800K, reserved 1114112K
  class space    used 4356K, committed 4800K, reserved 1048576K
}
Event: 157.596 GC heap before
{Heap before GC invocations=58 (full 2):
 PSYoungGen      total 21504K, used 224K [0x00000000d5580000, 0x00000000d6c00000, 0x0000000100000000)
  eden space 20992K, 0% used [0x00000000d5580000,0x00000000d5580000,0x00000000d6a00000)
  from space 512K, 43% used [0x00000000d6a00000,0x00000000d6a38000,0x00000000d6a80000)
  to   space 512K, 0% used [0x00000000d6b80000,0x00000000d6b80000,0x00000000d6c00000)
 ParOldGen       total 92672K, used 82834K [0x0000000080000000, 0x0000000085a80000, 0x00000000d5580000)
  object space 92672K, 89% used [0x0000000080000000,0x00000000850e4998,0x0000000085a80000)
 Metaspace       used 43755K, committed 44800K, reserved 1114112K
  class space    used 4356K, committed 4800K, reserved 1048576K
}
Event: 157.610 GC heap after
{Heap after GC invocations=58 (full 2):
 PSYoungGen      total 22528K, used 0K [0x00000000d5580000, 0x00000000d6f80000, 0x0000000100000000)
  eden space 22016K, 0% used [0x00000000d5580000,0x00000000d5580000,0x00000000d6b00000)
  from space 512K, 0% used [0x00000000d6b80000,0x00000000d6b80000,0x00000000d6c00000)
  to   space 512K, 0% used [0x00000000d6b00000,0x00000000d6b00000,0x00000000d6b80000)
 ParOldGen       total 92672K, used 82874K [0x0000000080000000, 0x0000000085a80000, 0x00000000d5580000)
  object space 92672K, 89% used [0x0000000080000000,0x00000000850ee998,0x0000000085a80000)
 Metaspace       used 43755K, committed 44800K, reserved 1114112K
  class space    used 4356K, committed 4800K, reserved 1048576K
}
Event: 157.610 GC heap before
{Heap before GC invocations=59 (full 3):
 PSYoungGen      total 22528K, used 0K [0x00000000d5580000, 0x00000000d6f80000, 0x0000000100000000)
  eden space 22016K, 0% used [0x00000000d5580000,0x00000000d5580000,0x00000000d6b00000)
  from space 512K, 0% used [0x00000000d6b80000,0x00000000d6b80000,0x00000000d6c00000)
  to   space 512K, 0% used [0x00000000d6b00000,0x00000000d6b00000,0x00000000d6b80000)
 ParOldGen       total 92672K, used 82874K [0x0000000080000000, 0x0000000085a80000, 0x00000000d5580000)
  object space 92672K, 89% used [0x0000000080000000,0x00000000850ee998,0x0000000085a80000)
 Metaspace       used 43755K, committed 44800K, reserved 1114112K
  class space    used 4356K, committed 4800K, reserved 1048576K
}
Event: 157.705 GC heap after
{Heap after GC invocations=59 (full 3):
 PSYoungGen      total 22528K, used 0K [0x00000000d5580000, 0x00000000d7080000, 0x0000000100000000)
  eden space 22016K, 0% used [0x00000000d5580000,0x00000000d5580000,0x00000000d6b00000)
  from space 512K, 0% used [0x00000000d6b00000,0x00000000d6b00000,0x00000000d6b80000)
  to   space 512K, 0% used [0x00000000d7000000,0x00000000d7000000,0x00000000d7080000)
 ParOldGen       total 81408K, used 55039K [0x0000000080000000, 0x0000000084f80000, 0x00000000d5580000)
  object space 81408K, 67% used [0x0000000080000000,0x00000000835bfca8,0x0000000084f80000)
 Metaspace       used 43745K, committed 44800K, reserved 1114112K
  class space    used 4354K, committed 4800K, reserved 1048576K
}
Event: 159.975 GC heap before
{Heap before GC invocations=60 (full 3):
 PSYoungGen      total 22528K, used 22016K [0x00000000d5580000, 0x00000000d7080000, 0x0000000100000000)
  eden space 22016K, 100% used [0x00000000d5580000,0x00000000d6b00000,0x00000000d6b00000)
  from space 512K, 0% used [0x00000000d6b00000,0x00000000d6b00000,0x00000000d6b80000)
  to   space 512K, 0% used [0x00000000d7000000,0x00000000d7000000,0x00000000d7080000)
 ParOldGen       total 129536K, used 102887K [0x0000000080000000, 0x0000000087e80000, 0x00000000d5580000)
  object space 129536K, 79% used [0x0000000080000000,0x0000000086479cb8,0x0000000087e80000)
 Metaspace       used 43745K, committed 44800K, reserved 1114112K
  class space    used 4354K, committed 4800K, reserved 1048576K
}
Event: 159.976 GC heap after
{Heap after GC invocations=60 (full 3):
 PSYoungGen      total 22528K, used 256K [0x00000000d5580000, 0x00000000d7080000, 0x0000000100000000)
  eden space 22016K, 0% used [0x00000000d5580000,0x00000000d5580000,0x00000000d6b00000)
  from space 512K, 50% used [0x00000000d7000000,0x00000000d7040000,0x00000000d7080000)
  to   space 512K, 0% used [0x00000000d6b00000,0x00000000d6b00000,0x00000000d6b80000)
 ParOldGen       total 129536K, used 102887K [0x0000000080000000, 0x0000000087e80000, 0x00000000d5580000)
  object space 129536K, 79% used [0x0000000080000000,0x0000000086479cb8,0x0000000087e80000)
 Metaspace       used 43745K, committed 44800K, reserved 1114112K
  class space    used 4354K, committed 4800K, reserved 1048576K
}
Event: 161.081 GC heap before
{Heap before GC invocations=61 (full 3):
 PSYoungGen      total 22528K, used 22272K [0x00000000d5580000, 0x00000000d7080000, 0x0000000100000000)
  eden space 22016K, 100% used [0x00000000d5580000,0x00000000d6b00000,0x00000000d6b00000)
  from space 512K, 50% used [0x00000000d7000000,0x00000000d7040000,0x00000000d7080000)
  to   space 512K, 0% used [0x00000000d6b00000,0x00000000d6b00000,0x00000000d6b80000)
 ParOldGen       total 129536K, used 102887K [0x0000000080000000, 0x0000000087e80000, 0x00000000d5580000)
  object space 129536K, 79% used [0x0000000080000000,0x0000000086479cb8,0x0000000087e80000)
 Metaspace       used 43745K, committed 44800K, reserved 1114112K
  class space    used 4354K, committed 4800K, reserved 1048576K
}
Event: 161.082 GC heap after
{Heap after GC invocations=61 (full 3):
 PSYoungGen      total 22528K, used 224K [0x00000000d5580000, 0x00000000d7080000, 0x0000000100000000)
  eden space 22016K, 0% used [0x00000000d5580000,0x00000000d5580000,0x00000000d6b00000)
  from space 512K, 43% used [0x00000000d6b00000,0x00000000d6b38000,0x00000000d6b80000)
  to   space 512K, 0% used [0x00000000d7000000,0x00000000d7000000,0x00000000d7080000)
 ParOldGen       total 129536K, used 102935K [0x0000000080000000, 0x0000000087e80000, 0x00000000d5580000)
  object space 129536K, 79% used [0x0000000080000000,0x0000000086485cb8,0x0000000087e80000)
 Metaspace       used 43745K, committed 44800K, reserved 1114112K
  class space    used 4354K, committed 4800K, reserved 1048576K
}
Event: 163.196 GC heap before
{Heap before GC invocations=62 (full 3):
 PSYoungGen      total 22528K, used 22240K [0x00000000d5580000, 0x00000000d7080000, 0x0000000100000000)
  eden space 22016K, 100% used [0x00000000d5580000,0x00000000d6b00000,0x00000000d6b00000)
  from space 512K, 43% used [0x00000000d6b00000,0x00000000d6b38000,0x00000000d6b80000)
  to   space 512K, 0% used [0x00000000d7000000,0x00000000d7000000,0x00000000d7080000)
 ParOldGen       total 129536K, used 102935K [0x0000000080000000, 0x0000000087e80000, 0x00000000d5580000)
  object space 129536K, 79% used [0x0000000080000000,0x0000000086485cb8,0x0000000087e80000)
 Metaspace       used 43745K, committed 44800K, reserved 1114112K
  class space    used 4354K, committed 4800K, reserved 1048576K
}
Event: 163.196 GC heap after
{Heap after GC invocations=62 (full 3):
 PSYoungGen      total 22528K, used 256K [0x00000000d5580000, 0x00000000d7080000, 0x0000000100000000)
  eden space 22016K, 0% used [0x00000000d5580000,0x00000000d5580000,0x00000000d6b00000)
  from space 512K, 50% used [0x00000000d7000000,0x00000000d7040000,0x00000000d7080000)
  to   space 512K, 0% used [0x00000000d6b00000,0x00000000d6b00000,0x00000000d6b80000)
 ParOldGen       total 129536K, used 102951K [0x0000000080000000, 0x0000000087e80000, 0x00000000d5580000)
  object space 129536K, 79% used [0x0000000080000000,0x0000000086489cb8,0x0000000087e80000)
 Metaspace       used 43745K, committed 44800K, reserved 1114112K
  class space    used 4354K, committed 4800K, reserved 1048576K
}
Event: 163.261 GC heap before
{Heap before GC invocations=63 (full 3):
 PSYoungGen      total 22528K, used 22272K [0x00000000d5580000, 0x00000000d7080000, 0x0000000100000000)
  eden space 22016K, 100% used [0x00000000d5580000,0x00000000d6b00000,0x00000000d6b00000)
  from space 512K, 50% used [0x00000000d7000000,0x00000000d7040000,0x00000000d7080000)
  to   space 512K, 0% used [0x00000000d6b00000,0x00000000d6b00000,0x00000000d6b80000)
 ParOldGen       total 129536K, used 102951K [0x0000000080000000, 0x0000000087e80000, 0x00000000d5580000)
  object space 129536K, 79% used [0x0000000080000000,0x0000000086489cb8,0x0000000087e80000)
 Metaspace       used 43745K, committed 44800K, reserved 1114112K
  class space    used 4354K, committed 4800K, reserved 1048576K
}
Event: 163.262 GC heap after
{Heap after GC invocations=63 (full 3):
 PSYoungGen      total 22528K, used 160K [0x00000000d5580000, 0x00000000d7080000, 0x0000000100000000)
  eden space 22016K, 0% used [0x00000000d5580000,0x00000000d5580000,0x00000000d6b00000)
  from space 512K, 31% used [0x00000000d6b00000,0x00000000d6b28000,0x00000000d6b80000)
  to   space 512K, 0% used [0x00000000d7000000,0x00000000d7000000,0x00000000d7080000)
 ParOldGen       total 129536K, used 102967K [0x0000000080000000, 0x0000000087e80000, 0x00000000d5580000)
  object space 129536K, 79% used [0x0000000080000000,0x000000008648dcb8,0x0000000087e80000)
 Metaspace       used 43745K, committed 44800K, reserved 1114112K
  class space    used 4354K, committed 4800K, reserved 1048576K
}
Event: 163.355 GC heap before
{Heap before GC invocations=64 (full 3):
 PSYoungGen      total 22528K, used 22176K [0x00000000d5580000, 0x00000000d7080000, 0x0000000100000000)
  eden space 22016K, 100% used [0x00000000d5580000,0x00000000d6b00000,0x00000000d6b00000)
  from space 512K, 31% used [0x00000000d6b00000,0x00000000d6b28000,0x00000000d6b80000)
  to   space 512K, 0% used [0x00000000d7000000,0x00000000d7000000,0x00000000d7080000)
 ParOldGen       total 129536K, used 102967K [0x0000000080000000, 0x0000000087e80000, 0x00000000d5580000)
  object space 129536K, 79% used [0x0000000080000000,0x000000008648dcb8,0x0000000087e80000)
 Metaspace       used 43745K, committed 44800K, reserved 1114112K
  class space    used 4354K, committed 4800K, reserved 1048576K
}
Event: 163.355 GC heap after
{Heap after GC invocations=64 (full 3):
 PSYoungGen      total 22528K, used 224K [0x00000000d5580000, 0x00000000d7080000, 0x0000000100000000)
  eden space 22016K, 0% used [0x00000000d5580000,0x00000000d5580000,0x00000000d6b00000)
  from space 512K, 43% used [0x00000000d7000000,0x00000000d7038000,0x00000000d7080000)
  to   space 512K, 0% used [0x00000000d6b00000,0x00000000d6b00000,0x00000000d6b80000)
 ParOldGen       total 129536K, used 102967K [0x0000000080000000, 0x0000000087e80000, 0x00000000d5580000)
  object space 129536K, 79% used [0x0000000080000000,0x000000008648dcb8,0x0000000087e80000)
 Metaspace       used 43745K, committed 44800K, reserved 1114112K
  class space    used 4354K, committed 4800K, reserved 1048576K
}

